<?xml version="1.0" encoding="UTF-8"?>
<!-- Generated by org.testng.reporters.JUnitReportReporter -->
<testsuite hostname="EC2AMAZ-S11DBRH" failures="0" tests="1" name="Practice1.ScreenShotTests" time="4.201" errors="0" timestamp="2024-02-08T04:19:50 GMT" skipped="0">
  <testcase classname="Practice1.ScreenShotTests" name="screenshotTest" time="4.201"/>
  <system-out/>
</testsuite> <!-- Practice1.ScreenShotTests -->
