<?xml version="1.0" encoding="UTF-8"?>
<!-- Generated by org.testng.reporters.JUnitReportReporter -->
<testsuite hostname="EC2AMAZ-S11DBRH" failures="0" tests="1" name="Practice1.UsingPropertiesTest" time="0.012" errors="0" timestamp="2024-02-06T04:50:05 GMT" skipped="0">
  <testcase classname="Practice1.UsingPropertiesTest" name="TestCase1" time="0.012"/>
</testsuite> <!-- Practice1.UsingPropertiesTest -->
